#-----------------------------------------------------------
# Vivado v2020.2 (64-bit)
# SW Build 3064766 on Wed Nov 18 09:12:45 MST 2020
# IP Build 3064653 on Wed Nov 18 14:17:31 MST 2020
# Start of session at: Mon Dec 16 21:09:02 2024
# Process ID: 18312
# Current directory: D:/DX2201_lucre/O_CLOCK 1
# Command line: vivado.exe -gui_launcher_event rodinguilauncherevent11368 D:\DX2201_lucre\O_CLOCK 1\O_CLOCK.xpr
# Log file: D:/DX2201_lucre/O_CLOCK 1/vivado.log
# Journal file: D:/DX2201_lucre/O_CLOCK 1\vivado.jou
#-----------------------------------------------------------
start_gui
open_project {D:/DX2201_lucre/O_CLOCK 1/O_CLOCK.xpr}
WARNING: [filemgmt 56-3] Default IP Output Path : Could not find the directory 'D:/DX2201_lucre/O_CLOCK 1/O_CLOCK.gen/sources_1'.
Scanning sources...
Finished scanning sources
INFO: [IP_Flow 19-234] Refreshing IP repositories
INFO: [IP_Flow 19-1704] No user IP repositories specified
INFO: [IP_Flow 19-2313] Loaded Vivado IP repository 'E:/Xilink/Vivado/2020.2/data/ip'.
update_compile_order -fileset sources_1
exit
INFO: [Common 17-206] Exiting Vivado at Mon Dec 16 21:10:15 2024...
