#-----------------------------------------------------------
# Vivado v2020.2 (64-bit)
# SW Build 3064766 on Wed Nov 18 09:12:45 MST 2020
# IP Build 3064653 on Wed Nov 18 14:17:31 MST 2020
# Start of session at: Sat Dec  7 16:15:02 2024
# Process ID: 12660
# Current directory: D:/DX2201_lucre/O_CLOCK 1
# Command line: vivado.exe -gui_launcher_event rodinguilauncherevent7720 D:\DX2201_lucre\O_CLOCK 1\O_CLOCK.xpr
# Log file: D:/DX2201_lucre/O_CLOCK 1/vivado.log
# Journal file: D:/DX2201_lucre/O_CLOCK 1\vivado.jou
#-----------------------------------------------------------
start_gui
open_project {D:/DX2201_lucre/O_CLOCK 1/O_CLOCK.xpr}
INFO: [Project 1-313] Project file moved from 'D:/DX2201_lucre/O_CLOCK' since last save.
WARNING: [filemgmt 56-2] Default IP Output Path : Could not find the directory 'D:/DX2201_lucre/O_CLOCK 1/O_CLOCK.gen/sources_1', nor could it be found using path 'D:/DX2201_lucre/O_CLOCK/O_CLOCK.gen/sources_1'.
Scanning sources...
Finished scanning sources
INFO: [IP_Flow 19-234] Refreshing IP repositories
INFO: [IP_Flow 19-1704] No user IP repositories specified
INFO: [IP_Flow 19-2313] Loaded Vivado IP repository 'E:/Xilink/Vivado/2020.2/data/ip'.
exit
INFO: [Common 17-206] Exiting Vivado at Sat Dec  7 16:15:26 2024...
): peak = 1111.496 ; gain = 0.000
update_compile_order -fileset sources_1
close [ open {D:/DX2201_lucre/O_CLOCK 1/O_CLOCK.srcs/sources_1/new/count60.vhd} w ]
add_files {{D:/DX2201_lucre/O_CLOCK 1/O_CLOCK.srcs/sources_1/new/count60.vhd}}
update_compile_order -fileset sources_1
close [ open {D:/DX2201_lucre/O_CLOCK 1/O_CLOCK.srcs/sources_1/new/count12.vhd} w ]
add_files {{D:/DX2201_lucre/O_CLOCK 1/O_CLOCK.srcs/sources_1/new/count12.vhd}}
update_compile_order -fileset sources_1
close [ open {D:/DX2201_lucre/O_CLOCK 1/O_CLOCK.srcs/sources_1/new/count7.vhd} w ]
add_files {{D:/DX2201_lucre/O_CLOCK 1/O_CLOCK.srcs/sources_1/new/count7.vhd}}
update_compile_order -fileset sources_1
WARNING: [filemgmt 56-199] Attempt to get parsing info during refresh. "On-the-fly" syntax checking information may be incorrect. [D:\DX2201_lucre\O_CLOCK 1\O_CLOCK.srcs\sources_1\new\O_CLOCK.vhd:]
WARNING: [filemgmt 56-199] Attempt to get parsing info during refresh. "On-the-fly" syntax checking information may be incorrect. [D:\DX2201_lucre\O_CLOCK 1\O_CLOCK.srcs\sources_1\new\count7.vhd:]
WARNING: [filemgmt 56-199] Attempt to get parsing info during refresh. "On-the-fly" syntax checking information may be incorrect. [D:\DX2201_lucre\O_CLOCK 1\O_CLOCK.srcs\sources_1\new\count12.vhd:]
WARNING: [filemgmt 56-199] Attempt to get parsing info during refresh. "On-the-fly" syntax checking information may be incorrect. [D:\DX2201_lucre\O_CLOCK 1\O_CLOCK.srcs\sources_1\new\count60.vhd:]
WARNING: [filemgmt 56-199] Attempt to get parsing info during refresh. "On-the-fly" syntax checking information may be incorrect. [D:\DX2201_lucre\O_CLOCK 1\O_CLOCK.srcs\sources_1\new\O_CLOCK.vhd:]
WARNING: [filemgmt 56-199] Attempt to get parsing info during refresh. "On-the-fly" syntax checking information may be incorrect. [D:\DX2201_lucre\O_CLOCK 1\O_CLOCK.srcs\sources_1\new\count7.vhd:]
WARNING: [filemgmt 56-199] Attempt to get parsing info during refresh. "On-the-fly" syntax checking information may be incorrect. [D:\DX2201_lucre\O_CLOCK 1\O_CLOCK.srcs\sources_1\new\count12.vhd:]
WARNING: [filemgmt 56-199] Attempt to get parsing info during refresh. "On-the-fly" syntax checking information may be incorrect. [D:\DX2201_lucre\O_CLOCK 1\O_CLOCK.srcs\sources_1\new\count60.vhd:]
WARNING: [filemgmt 56-199] Attempt to get parsing info during refresh. "On-the-fly" syntax checking information may be incorrect. [D:\DX2201_lucre\O_CLOCK 1\O_CLOCK.srcs\sources_1\new\O_CLOCK.vhd:]
WARNING: [filemgmt 56-199] Attempt to get parsing info during refresh. "On-the-fly" syntax checking information may be incorrect. [D:\DX2201_lucre\O_CLOCK 1\O_CLOCK.srcs\sources_1\new\count7.vhd:]
WARNING: [filemgmt 56-199] Attempt to get parsing info during refresh. "On-the-fly" syntax checking information may be incorrect. [D:\DX2201_lucre\O_CLOCK 1\O_CLOCK.srcs\sources_1\new\count12.vhd:]
WARNING: [filemgmt 56-199] Attempt to get parsing info during refresh. "On-the-fly" syntax checking information may be incorrect. [D:\DX2201_lucre\O_CLOCK 1\O_CLOCK.srcs\sources_1\new\count60.vhd:]
ERROR: [Common 17-180] Spawn failed: No error
close [ open {D:/DX2201_lucre/O_CLOCK 1/O_CLOCK.srcs/sources_1/new/M_A.vhd} w ]
add_files {{D:/DX2201_lucre/O_CLOCK 1/O_CLOCK.srcs/sources_1/new/M_A.vhd}}
update_compile_order -fileset sources_1
close [ open {D:/DX2201_lucre/O_CLOCK 1/O_CLOCK.srcs/sources_1/new/BCD_LED.vhd} w ]
add_files {{D:/DX2201_lucre/O_CLOCK 1/O_CLOCK.srcs/sources_1/new/BCD_LED.vhd}}
update_compile_order -fileset sources_1
exit
INFO: [Common 17-206] Exiting Vivado at Sat Dec  7 16:42:04 2024...
